2024-01-17 17:57:52,778 - ERROR - image "pyimage1" doesn't exist
2024-01-17 18:09:55,732 - INFO - Janela Principal aberta
2024-01-17 18:12:25,977 - ERROR - image "pyimage1" doesn't exist
2024-01-17 18:12:25,996 - INFO - Abrindo Janela de Produção
2024-01-17 18:12:31,639 - INFO - Janela Principal aberta
2024-01-17 18:12:31,639 - INFO - Janela Principal reaberta
2024-01-17 18:12:31,646 - INFO - Janela Principal aberta
2024-01-17 18:14:35,578 - INFO - Abrindo Janela de Producao
2024-01-17 18:14:52,430 - INFO - Janela Principal aberta
2024-01-17 18:14:52,430 - INFO - Janela Principal reaberta
2024-01-17 18:14:52,431 - INFO - Janela Principal aberta
2024-01-17 18:19:07,965 - ERROR - image "pyimage1" doesn't exist
2024-01-17 18:19:08,033 - INFO - Abrindo Janela de Producao
2024-01-17 18:19:52,185 - ERROR - image "pyimage1" doesn't exist
2024-01-17 18:19:52,208 - INFO - Abrindo Janela de Producao
2024-01-17 18:20:00,708 - INFO - Janela Principal aberta
2024-01-17 18:20:00,709 - INFO - Janela Principal reaberta
2024-01-17 18:20:00,711 - INFO - Janela Principal aberta
2024-01-17 18:50:06,194 - ERROR - 'JanelaProducao' object has no attribute 'img_references'
2024-01-17 18:50:06,214 - INFO - Abrindo Janela de Producao
2024-01-17 18:51:31,370 - ERROR - image "pyimage1" doesn't exist
2024-01-17 18:51:31,387 - INFO - Abrindo Janela de Producao
2024-01-17 18:51:34,486 - INFO - Janela Principal aberta
2024-01-17 18:51:34,487 - INFO - Janela Principal reaberta
2024-01-17 18:51:34,491 - INFO - Janela Principal aberta
2024-01-17 19:03:40,373 - INFO - Abrindo Janela de Producao
2024-01-17 19:03:43,295 - INFO - Janela Principal aberta
2024-01-17 19:03:43,295 - INFO - Janela Principal reaberta
2024-01-17 19:03:43,295 - INFO - Janela Principal aberta
2024-01-18 20:11:32,376 - INFO - Janela Principal aberta
2024-01-18 21:03:44,673 - ERROR - image "pyimage1" doesn't exist
2024-01-18 21:03:44,700 - INFO - Abrindo Janela de Producao
2024-01-18 21:13:43,876 - ERROR - image "pyimage1" doesn't exist
2024-01-18 21:13:43,903 - INFO - Abrindo Janela de Producao
2024-01-18 21:14:05,436 - INFO - Abrindo Janela de Producao
2024-01-18 21:17:04,190 - INFO - Abrindo Janela de Producao
2024-01-18 21:17:30,810 - INFO - Abrindo Janela de Producao
2024-01-18 21:19:00,384 - INFO - Abrindo Janela de Producao
2024-01-18 21:19:09,944 - INFO - Abrindo Janela de Producao
2024-01-18 21:20:07,237 - INFO - Abrindo Janela de Producao
2024-01-18 21:21:05,805 - INFO - Abrindo Janela de Producao
2024-01-18 21:22:14,546 - INFO - Abrindo Janela de Producao
2024-01-18 21:22:27,781 - INFO - Abrindo Janela de Producao
2024-01-18 21:22:40,179 - INFO - Abrindo Janela de Producao
2024-01-18 21:26:01,350 - INFO - Abrindo Janela de Producao
2024-01-18 21:26:12,373 - INFO - Abrindo Janela de Producao
2024-01-18 21:26:13,613 - INFO - Abrindo Janela de Producao
2024-01-18 21:26:14,267 - INFO - Abrindo Janela de Producao
2024-01-18 21:26:14,432 - INFO - Abrindo Janela de Producao
2024-01-18 21:26:14,641 - INFO - Abrindo Janela de Producao
2024-01-18 21:26:14,811 - INFO - Abrindo Janela de Producao
2024-01-18 21:26:27,794 - INFO - Abrindo Janela de Producao
2024-01-18 21:27:02,522 - INFO - Abrindo Janela de Producao
2024-01-18 21:28:37,043 - INFO - Abrindo Janela de Producao
2024-01-18 21:28:40,982 - INFO - Usuário Desconectado
2024-01-18 21:28:40,982 - INFO - Janela Principal aberta
2024-01-18 21:28:56,773 - INFO - Abrindo Janela de Producao
2024-01-18 21:28:58,229 - INFO - Usuário Desconectado
2024-01-18 21:36:44,777 - ERROR - image "pyimage1" doesn't exist
2024-01-18 21:36:44,821 - INFO - Abrindo Janela de Producao
2024-01-18 21:36:46,315 - INFO - Usuário Desconectado
2024-01-18 21:37:01,428 - ERROR - image "pyimage1" doesn't exist
2024-01-18 21:37:01,454 - INFO - Abrindo Janela de Producao
2024-01-18 21:52:16,122 - ERROR - image "pyimage1" doesn't exist
2024-01-18 21:52:16,161 - INFO - Abrindo Janela de Producao
2024-01-18 21:52:18,074 - INFO - Usuário Desconectado
2024-01-18 21:52:42,541 - ERROR - image "pyimage1" doesn't exist
2024-01-18 21:52:42,562 - INFO - Abrindo Janela de Producao
2024-01-18 21:52:48,526 - INFO - Usuário Desconectado
2024-01-18 21:54:43,549 - ERROR - image "pyimage1" doesn't exist
2024-01-18 21:54:43,566 - INFO - Abrindo Janela de Producao
2024-01-18 21:54:55,761 - ERROR - image "pyimage1" doesn't exist
2024-01-18 21:54:55,779 - INFO - Abrindo Janela de Producao
2024-01-18 21:55:09,093 - INFO - Usuário Desconectado
2024-01-18 21:55:49,637 - INFO - Janela Principal aberta
2024-01-18 22:06:37,025 - ERROR - image "pyimage1" doesn't exist
2024-01-18 22:06:37,055 - INFO - Abrindo Janela de Producao
2024-01-18 22:06:38,698 - INFO - Usuário Desconectado
2024-01-18 22:08:26,462 - INFO - Janela Principal aberta
2024-01-18 22:11:31,507 - ERROR - image "pyimage1" doesn't exist
2024-01-18 22:11:31,538 - INFO - Abrindo Janela de Producao
2024-01-18 22:11:40,634 - INFO - Usuário Desconectado
2024-01-19 20:45:29,115 - ERROR - image "pyimage1" doesn't exist
2024-01-19 20:45:29,142 - INFO - Abrindo Janela de Producao
2024-01-19 20:45:30,344 - INFO - Usuário Desconectado
2024-01-19 20:45:38,360 - ERROR - image "pyimage1" doesn't exist
2024-01-19 20:45:38,382 - INFO - Abrindo Janela de Producao
2024-01-19 20:45:40,605 - INFO - Usuário Desconectado
2024-01-19 21:36:12,930 - ERROR - Erro ao se conectar no Arduíno: could not open port 'COM5': PermissionError(13, 'Acesso negado.', None, 5)
2024-01-19 21:37:50,187 - ERROR - Erro ao se conectar no Arduino: could not open port 'COM5': PermissionError(13, 'Acesso negado.', None, 5)
2024-01-19 21:38:36,188 - INFO - Arduino Conectado!
2024-01-19 21:38:36,190 - ERROR - Erro ao se conectar no Arduino: 'ConexaoArd' object has no attribute 'readline'
2024-01-19 21:38:56,192 - INFO - Arduino Conectado!
2024-01-19 21:41:55,666 - ERROR - Erro ao se conectar no Arduino: could not open port 'COM4': FileNotFoundError(2, 'O sistema não pode encontrar o arquivo especificado.', None, 2)
2024-01-19 21:53:29,453 - INFO - Conexão com o Arduino bem sucedida!
2024-01-19 21:53:41,613 - INFO - Conexão com o Arduino bem sucedida!
2024-01-19 21:53:53,054 - INFO - Conexao com o Arduino bem sucedida!
2024-01-19 21:58:23,318 - INFO - Conexao com o Arduino bem sucedida!
2024-01-19 21:58:32,777 - INFO - Conexao com o Arduino bem sucedida!
2024-01-19 21:58:32,778 - ERROR - Erro ao se conectar no Arduino: could not open port 'COM5': PermissionError(13, 'Acesso negado.', None, 5)
2024-01-19 21:58:32,778 - INFO - Conexao com o Arduino bem sucedida!
2024-01-19 22:06:54,535 - INFO - Conexao com o Arduino bem sucedida!
2024-01-19 22:09:04,937 - ERROR - Erro ao validar conexao: 
2024-01-19 22:09:28,588 - ERROR - Erro ao validar conexao: 'ConexaoArd' object has no attribute 'ser'
2024-01-19 22:11:41,254 - INFO - Conexao com o Arduino bem sucedida!
2024-01-19 22:11:56,946 - INFO - Conexao com o Arduino bem sucedida!
2024-01-19 22:12:19,546 - INFO - Conexao com o Arduino bem sucedida! True
2024-01-19 22:13:02,383 - ERROR - Erro ao validar conexao: 'ConexaoArd' object has no attribute 'ser'
2024-01-19 22:15:29,388 - ERROR - Erro ao validar conexao: 'ConexaoArd' object has no attribute 'ser'
2024-01-19 22:16:34,220 - ERROR - Erro ao validar conexao: 'ConexaoArd' object has no attribute 'ser'
2024-01-19 22:17:47,115 - INFO - Arduino desconectado, tentando reconexao...
2024-01-19 22:17:47,142 - INFO - Conexao com o Arduino bem sucedida!
2024-01-19 22:17:47,142 - INFO - Conexao bem sucedida!
2024-01-19 22:18:20,878 - INFO - Arduino desconectado, tentando reconexao...
2024-01-19 22:18:20,903 - INFO - Conexao com o Arduino bem sucedida!
2024-01-19 22:28:24,480 - INFO - Conexao com o Arduino bem sucedida!
2024-01-19 22:29:53,773 - INFO - Conexao com o Arduino bem sucedida!
2024-01-19 22:33:51,591 - INFO - Conexao com o Arduino bem sucedida!
2024-01-19 22:37:11,177 - ERROR - image "pyimage1" doesn't exist
2024-01-19 22:37:11,198 - INFO - Abrindo Janela de Producao
2024-01-19 22:37:15,929 - INFO - Usuário Desconectado
2024-01-19 22:37:23,909 - ERROR - image "pyimage1" doesn't exist
2024-01-19 22:37:23,929 - INFO - Abrindo Janela de Producao
2024-01-19 22:37:26,063 - INFO - Usuário Desconectado
2024-01-19 22:38:40,589 - ERROR - image "pyimage1" doesn't exist
2024-01-19 22:38:40,609 - INFO - Abrindo Janela de Producao
2024-01-19 22:38:58,756 - INFO - Usuário Desconectado
2024-01-20 15:19:12,735 - ERROR - image "pyimage1" doesn't exist
2024-01-20 15:19:12,768 - INFO - Abrindo Janela de Producao
2024-01-20 15:19:14,054 - INFO - Usuário Desconectado
2024-01-20 15:19:17,199 - ERROR - image "pyimage2" doesn't exist
2024-01-20 15:19:17,230 - INFO - Abrindo Janela de Producao
2024-01-20 15:19:22,467 - INFO - Usuário Desconectado
2024-01-20 15:24:38,446 - INFO - Abrindo Janela de Producao
2024-01-20 15:25:14,616 - INFO - Abrindo Janela de Producao
2024-01-20 15:25:17,967 - INFO - Usuário Desconectado
2024-01-20 15:25:39,221 - INFO - Abrindo Janela de Producao
2024-01-20 15:25:40,316 - INFO - Usuário Desconectado
2024-01-21 18:45:30,195 - INFO - Janela Principal aberta
2024-01-21 20:48:06,678 - INFO - Janela Principal aberta
2024-01-21 21:06:01,724 - ERROR - Erro ao se conectar no Arduino: could not open port 'COM5': FileNotFoundError(2, 'O sistema não pode encontrar o arquivo especificado.', None, 2)
2024-01-21 21:07:16,146 - ERROR - Erro ao se conectar no Arduino: could not open port 'COM5': FileNotFoundError(2, 'O sistema não pode encontrar o arquivo especificado.', None, 2)
2024-01-21 21:09:18,975 - ERROR - Erro ao se conectar no Arduino: could not open port 'COM5': FileNotFoundError(2, 'O sistema não pode encontrar o arquivo especificado.', None, 2)
2024-01-21 21:09:23,405 - ERROR - Erro ao se conectar no Arduino: could not open port 'COM5': FileNotFoundError(2, 'O sistema não pode encontrar o arquivo especificado.', None, 2)
2024-01-21 21:11:36,560 - ERROR - Erro ao se conectar no Arduino: could not open port 'COM5': FileNotFoundError(2, 'O sistema não pode encontrar o arquivo especificado.', None, 2)
2024-01-21 21:12:27,488 - ERROR - Erro ao se conectar no Arduino: could not open port 'COM5': FileNotFoundError(2, 'O sistema não pode encontrar o arquivo especificado.', None, 2)
2024-01-21 21:12:35,071 - ERROR - Erro ao se conectar no Arduino: could not open port 'COM5': FileNotFoundError(2, 'O sistema não pode encontrar o arquivo especificado.', None, 2)
2024-01-21 21:12:47,182 - ERROR - Erro ao se conectar no Arduino: could not open port 'COM5': FileNotFoundError(2, 'O sistema não pode encontrar o arquivo especificado.', None, 2)
2024-01-21 21:13:19,955 - ERROR - Erro ao se conectar no Arduino: could not open port 'COM5': FileNotFoundError(2, 'O sistema não pode encontrar o arquivo especificado.', None, 2)
2024-01-21 21:13:22,549 - ERROR - Erro ao se conectar no Arduino: could not open port 'COM5': FileNotFoundError(2, 'O sistema não pode encontrar o arquivo especificado.', None, 2)
2024-01-21 21:13:24,600 - ERROR - Erro ao se conectar no Arduino: could not open port 'COM5': FileNotFoundError(2, 'O sistema não pode encontrar o arquivo especificado.', None, 2)
2024-01-21 21:13:26,507 - ERROR - Erro ao se conectar no Arduino: could not open port 'COM5': FileNotFoundError(2, 'O sistema não pode encontrar o arquivo especificado.', None, 2)
2024-01-21 21:13:28,151 - ERROR - Erro ao se conectar no Arduino: could not open port 'COM5': FileNotFoundError(2, 'O sistema não pode encontrar o arquivo especificado.', None, 2)
2024-01-21 21:13:36,161 - INFO - Janela Principal aberta
2024-01-21 21:14:08,114 - ERROR - Erro ao se conectar no Arduino: could not open port 'COM5': FileNotFoundError(2, 'O sistema não pode encontrar o arquivo especificado.', None, 2)
2024-01-21 21:14:10,665 - ERROR - Erro ao se conectar no Arduino: could not open port 'COM5': FileNotFoundError(2, 'O sistema não pode encontrar o arquivo especificado.', None, 2)
2024-01-21 21:14:12,466 - INFO - Janela Principal aberta
2024-01-22 16:16:05,615 - ERROR - Erro ao se conectar no Arduino: could not open port 'COM5': FileNotFoundError(2, 'O sistema não pode encontrar o arquivo especificado.', None, 2)
2024-01-22 16:16:09,116 - INFO - Janela Principal aberta
